{"uid":"c3914f30a6146108","name":"test_valid_login_from_json","fullName":"tests.test_valid_login.TestValidLogin#test_valid_login_from_json","historyId":"755c211b990797854e3ed9575411a375","time":{"start":1752159136103,"stop":1752159137992,"duration":1889},"status":"failed","statusMessage":"AssertionError: Login failed with valid credentials\nassert False\n +  where False = <bound method LoginPage.is_login_successful of <pages.LoginPage.LoginPage object at 0x103953fa0>>()\n +    where <bound method LoginPage.is_login_successful of <pages.LoginPage.LoginPage object at 0x103953fa0>> = <pages.LoginPage.LoginPage object at 0x103953fa0>.is_login_successful","statusTrace":"self = <test_valid_login.TestValidLogin object at 0x103950c70>\n\n    def test_valid_login_from_json(self):\n        login = LoginPage(self.driver)\n        login.open_login_modal()\n    \n        username = login_data[\"login\"][\"username\"]\n        password = login_data[\"login\"][\"password\"]\n    \n        login.login(username, password)\n        logger.info(f\"Attempted login with username: {username}\")\n    \n>       assert login.is_login_successful(), \"Login failed with valid credentials\"\nE       AssertionError: Login failed with valid credentials\nE       assert False\nE        +  where False = <bound method LoginPage.is_login_successful of <pages.LoginPage.LoginPage object at 0x103953fa0>>()\nE        +    where <bound method LoginPage.is_login_successful of <pages.LoginPage.LoginPage object at 0x103953fa0>> = <pages.LoginPage.LoginPage object at 0x103953fa0>.is_login_successful\n\ntests/test_valid_login.py:23: AssertionError","flaky":false,"newFailed":false,"newBroken":false,"newPassed":false,"retriesCount":0,"retriesStatusChange":false,"beforeStages":[{"name":"pytestconfig","time":{"start":1752159132048,"stop":1752159132048,"duration":0},"status":"passed","steps":[],"attachments":[],"parameters":[],"shouldDisplayMessage":false,"stepsCount":0,"attachmentsCount":0,"hasContent":false,"attachmentStep":false},{"name":"delete_output_dir","time":{"start":1752159132049,"stop":1752159132049,"duration":0},"status":"passed","steps":[],"attachments":[],"parameters":[],"shouldDisplayMessage":false,"stepsCount":0,"attachmentsCount":0,"hasContent":false,"attachmentStep":false},{"name":"base_url","time":{"start":1752159132050,"stop":1752159132050,"duration":0},"status":"passed","steps":[],"attachments":[],"parameters":[],"shouldDisplayMessage":false,"stepsCount":0,"attachmentsCount":0,"hasContent":false,"attachmentStep":false},{"name":"_verify_url","time":{"start":1752159132050,"stop":1752159132050,"duration":0},"status":"passed","steps":[],"attachments":[],"parameters":[],"shouldDisplayMessage":false,"stepsCount":0,"attachmentsCount":0,"hasContent":false,"attachmentStep":false},{"name":"setup","time":{"start":1752159132050,"stop":1752159136099,"duration":4049},"status":"passed","steps":[],"attachments":[],"parameters":[],"shouldDisplayMessage":false,"stepsCount":0,"attachmentsCount":0,"hasContent":false,"attachmentStep":false}],"testStage":{"status":"failed","statusMessage":"AssertionError: Login failed with valid credentials\nassert False\n +  where False = <bound method LoginPage.is_login_successful of <pages.LoginPage.LoginPage object at 0x103953fa0>>()\n +    where <bound method LoginPage.is_login_successful of <pages.LoginPage.LoginPage object at 0x103953fa0>> = <pages.LoginPage.LoginPage object at 0x103953fa0>.is_login_successful","statusTrace":"self = <test_valid_login.TestValidLogin object at 0x103950c70>\n\n    def test_valid_login_from_json(self):\n        login = LoginPage(self.driver)\n        login.open_login_modal()\n    \n        username = login_data[\"login\"][\"username\"]\n        password = login_data[\"login\"][\"password\"]\n    \n        login.login(username, password)\n        logger.info(f\"Attempted login with username: {username}\")\n    \n>       assert login.is_login_successful(), \"Login failed with valid credentials\"\nE       AssertionError: Login failed with valid credentials\nE       assert False\nE        +  where False = <bound method LoginPage.is_login_successful of <pages.LoginPage.LoginPage object at 0x103953fa0>>()\nE        +    where <bound method LoginPage.is_login_successful of <pages.LoginPage.LoginPage object at 0x103953fa0>> = <pages.LoginPage.LoginPage object at 0x103953fa0>.is_login_successful\n\ntests/test_valid_login.py:23: AssertionError","steps":[],"attachments":[{"uid":"68585bd9f1bf578f","name":"log","source":"68585bd9f1bf578f.txt","type":"text/plain","size":114}],"parameters":[],"shouldDisplayMessage":true,"stepsCount":0,"attachmentsCount":1,"hasContent":true,"attachmentStep":false},"afterStages":[{"name":"setup::0","time":{"start":1752159138265,"stop":1752159138340,"duration":75},"status":"passed","steps":[],"attachments":[],"parameters":[],"shouldDisplayMessage":false,"stepsCount":0,"attachmentsCount":0,"hasContent":false,"attachmentStep":false}],"labels":[{"name":"parentSuite","value":"tests"},{"name":"suite","value":"test_valid_login"},{"name":"subSuite","value":"TestValidLogin"},{"name":"host","value":"Ranjeet-MacBook-Pro.local"},{"name":"thread","value":"99788-MainThread"},{"name":"framework","value":"pytest"},{"name":"language","value":"cpython3"},{"name":"package","value":"tests.test_valid_login"},{"name":"resultFormat","value":"allure2"}],"parameters":[],"links":[],"hidden":true,"retry":true,"extra":{"categories":[],"tags":[]},"source":"c3914f30a6146108.json","parameterValues":[]}